2016-04-25T19:23:33+03:00 ERROR root Route does not found
2016-04-25T20:07:08+03:00 ERROR root Route does not found
2016-04-25T20:07:10+03:00 ERROR root Route does not found
2016-04-25T20:09:07+03:00 ERROR root Route does not found
2016-04-25T20:09:19+03:00 ERROR root Route does not found
2016-04-25T20:10:01+03:00 ERROR root Route does not found
2016-04-25T20:10:25+03:00 ERROR root Route does not found
2016-04-25T20:15:18+03:00 ERROR root Route does not found
2016-04-25T20:21:38+03:00 ERROR root Route does not found
2016-04-25T20:21:46+03:00 ERROR root Route does not found
2016-04-25T20:21:47+03:00 ERROR root Route does not found
2016-04-25T20:22:05+03:00 ERROR root Route does not found
2016-04-25T20:22:06+03:00 ERROR root Route does not found
2016-04-25T20:22:13+03:00 ERROR root Route does not found
2016-04-25T20:22:26+03:00 ERROR root Route does not found
2016-04-25T20:22:39+03:00 ERROR root Route does not found
2016-04-25T20:22:52+03:00 ERROR root Route does not found
2016-04-25T20:23:03+03:00 ERROR root Route does not found
2016-04-25T20:23:03+03:00 ERROR root Route does not found
2016-04-25T20:23:04+03:00 ERROR root Route does not found
2016-04-25T20:23:28+03:00 ERROR root Route does not found
2016-04-25T20:23:40+03:00 ERROR root Route does not found
2016-04-25T20:24:33+03:00 ERROR root Route does not found
2016-04-25T20:25:47+03:00 ERROR root SQLSTATE[42S22]: Column not found: 1054 Unknown column 'storage.warehouseId' in 'where clause'
2016-04-25T20:25:47+03:00 ERROR root Route does not found
2016-04-25T20:25:49+03:00 ERROR root SQLSTATE[42S22]: Column not found: 1054 Unknown column 'storage.warehouseId' in 'where clause'
2016-04-25T20:25:49+03:00 ERROR root Route does not found
2016-04-25T20:25:49+03:00 ERROR root SQLSTATE[42S22]: Column not found: 1054 Unknown column 'storage.warehouseId' in 'where clause'
2016-04-25T20:25:49+03:00 ERROR root Route does not found
2016-04-25T20:26:14+03:00 ERROR root Route does not found
2016-04-25T20:26:15+03:00 ERROR root Route does not found
2016-04-25T20:27:17+03:00 ERROR root Route does not found
2016-04-25T20:27:19+03:00 ERROR root Route does not found
2016-04-25T20:27:49+03:00 ERROR root Route does not found
2016-04-25T20:28:05+03:00 ERROR root Route does not found
2016-04-25T20:28:19+03:00 ERROR root Route does not found
2016-04-25T20:29:39+03:00 ERROR root Route does not found
2016-04-25T20:34:42+03:00 ERROR root Route does not found
2016-04-25T20:34:43+03:00 ERROR root Route does not found
2016-04-25T20:34:47+03:00 ERROR root Route does not found
2016-04-25T20:35:39+03:00 ERROR root Route does not found
2016-04-25T20:35:39+03:00 ERROR root Route does not found
2016-04-25T20:35:40+03:00 ERROR root Route does not found
2016-04-25T20:35:40+03:00 ERROR root Route does not found
2016-04-25T20:35:40+03:00 ERROR root Route does not found
2016-04-25T20:35:40+03:00 ERROR root Route does not found
2016-04-25T20:35:54+03:00 ERROR root Route does not found
2016-04-25T20:35:55+03:00 ERROR root Route does not found
2016-04-25T20:35:59+03:00 ERROR root Route does not found
2016-04-25T20:36:00+03:00 ERROR root Route does not found
2016-04-25T20:36:00+03:00 ERROR root Route does not found
2016-04-25T20:36:00+03:00 ERROR root Route does not found
2016-04-25T20:36:18+03:00 ERROR root Route does not found
2016-04-25T20:36:19+03:00 ERROR root Route does not found
2016-04-25T20:36:19+03:00 ERROR root Route does not found
2016-04-25T20:37:37+03:00 ERROR root Route does not found
2016-04-25T20:38:05+03:00 ERROR root Route does not found
2016-04-25T20:38:08+03:00 ERROR root Route does not found
2016-04-25T20:38:09+03:00 ERROR root Route does not found
2016-04-25T20:38:09+03:00 ERROR root Route does not found
2016-04-25T20:38:09+03:00 ERROR root Route does not found
2016-04-25T20:38:34+03:00 ERROR root Route does not found
2016-04-25T20:38:34+03:00 ERROR root Route does not found
2016-04-25T20:38:35+03:00 ERROR root Route does not found
2016-04-25T20:38:35+03:00 ERROR root Route does not found
2016-04-25T20:38:35+03:00 ERROR root Route does not found
2016-04-25T20:38:35+03:00 ERROR root Route does not found
2016-04-25T20:38:35+03:00 ERROR root Route does not found
2016-04-25T20:38:36+03:00 ERROR root Route does not found
2016-04-25T20:38:36+03:00 ERROR root Route does not found
2016-04-25T20:38:36+03:00 ERROR root Route does not found
2016-04-25T20:38:36+03:00 ERROR root Route does not found
2016-04-25T20:38:36+03:00 ERROR root Route does not found
2016-04-25T20:38:56+03:00 ERROR root Route does not found
2016-04-25T20:41:19+03:00 ERROR root Route does not found
2016-04-25T20:41:38+03:00 ERROR root Route does not found
2016-04-25T20:42:38+03:00 ERROR root Route does not found
2016-04-25T20:43:15+03:00 ERROR root Route does not found
2016-04-25T20:43:15+03:00 ERROR root Route does not found
2016-04-25T20:43:16+03:00 ERROR root Route does not found
2016-04-25T20:43:16+03:00 ERROR root Route does not found
2016-04-25T20:43:49+03:00 ERROR root Route does not found
2016-04-25T20:45:20+03:00 ERROR root Route does not found
2016-04-26T10:10:55+03:00 ERROR root Route does not found
2016-04-26T10:54:35+03:00 ERROR root Route does not found
2016-04-26T10:54:36+03:00 ERROR root Route does not found
2016-04-26T10:54:46+03:00 ERROR root Route does not found
2016-04-26T10:56:30+03:00 ERROR root Route does not found
2016-04-26T10:56:31+03:00 ERROR root Route does not found
2016-04-26T10:56:31+03:00 ERROR root Route does not found
2016-04-26T10:56:31+03:00 ERROR root Route does not found
2016-04-26T10:56:31+03:00 ERROR root Route does not found
2016-04-26T10:56:31+03:00 ERROR root Route does not found
2016-04-26T10:57:00+03:00 ERROR root Route does not found
2016-04-26T10:57:01+03:00 ERROR root Route does not found
2016-04-26T10:57:01+03:00 ERROR root Route does not found
2016-04-26T11:05:52+03:00 ERROR root Route does not found
2016-04-26T11:05:53+03:00 ERROR root Route does not found
2016-04-26T11:06:28+03:00 ERROR root Route does not found
2016-04-26T11:06:29+03:00 ERROR root Route does not found
2016-04-26T11:07:09+03:00 ERROR root Route does not found
2016-04-26T11:07:10+03:00 ERROR root Route does not found
2016-04-26T11:07:11+03:00 ERROR root Route does not found
2016-04-26T11:07:11+03:00 ERROR root Route does not found
2016-04-26T11:07:11+03:00 ERROR root Route does not found
2016-04-26T11:07:11+03:00 ERROR root Route does not found
2016-04-26T11:07:11+03:00 ERROR root Route does not found
2016-04-26T11:08:39+03:00 ERROR root Route does not found
2016-04-26T11:08:40+03:00 ERROR root Route does not found
2016-04-26T11:08:40+03:00 ERROR root Route does not found
2016-04-26T11:08:40+03:00 ERROR root Route does not found
2016-04-26T11:09:49+03:00 ERROR root Route does not found
2016-04-26T11:11:06+03:00 ERROR root Route does not found
2016-04-26T11:11:07+03:00 ERROR root Route does not found
2016-04-26T11:11:07+03:00 ERROR root Route does not found
2016-04-26T11:11:07+03:00 ERROR root Route does not found
2016-04-26T11:11:23+03:00 ERROR root Route does not found
2016-04-26T11:11:24+03:00 ERROR root Route does not found
2016-04-26T11:11:24+03:00 ERROR root Route does not found
2016-04-26T11:11:24+03:00 ERROR root Route does not found
2016-04-26T11:11:58+03:00 ERROR root Route does not found
2016-04-26T11:14:29+03:00 ERROR root Route does not found
2016-04-26T11:14:30+03:00 ERROR root Route does not found
2016-04-26T11:14:30+03:00 ERROR root Route does not found
2016-04-26T11:14:30+03:00 ERROR root Route does not found
2016-04-26T11:15:14+03:00 ERROR root Route does not found
2016-04-26T11:16:14+03:00 ERROR root Route does not found
2016-04-26T11:16:15+03:00 ERROR root Route does not found
2016-04-26T11:16:15+03:00 ERROR root Route does not found
2016-04-26T11:16:16+03:00 ERROR root Route does not found
2016-04-26T11:16:16+03:00 ERROR root Route does not found
2016-04-26T11:16:16+03:00 ERROR root Route does not found
2016-04-26T11:16:16+03:00 ERROR root Route does not found
2016-04-26T11:16:16+03:00 ERROR root Route does not found
2016-04-26T11:17:32+03:00 ERROR root Route does not found
2016-04-26T11:17:33+03:00 ERROR root Route does not found
2016-04-26T11:18:14+03:00 ERROR root Route does not found
2016-04-26T11:18:15+03:00 ERROR root Route does not found
2016-04-26T11:18:15+03:00 ERROR root Route does not found
2016-04-26T11:18:36+03:00 ERROR root Route does not found
2016-04-26T11:18:55+03:00 ERROR root Route does not found
2016-04-26T11:18:56+03:00 ERROR root Route does not found
2016-04-26T11:18:56+03:00 ERROR root Route does not found
2016-04-26T11:18:56+03:00 ERROR root Route does not found
2016-04-26T11:18:59+03:00 ERROR root Route does not found
2016-04-26T11:19:00+03:00 ERROR root Route does not found
2016-04-26T11:19:00+03:00 ERROR root Route does not found
2016-04-26T11:19:00+03:00 ERROR root Route does not found
2016-04-26T11:19:00+03:00 ERROR root Route does not found
2016-04-26T11:22:00+03:00 ERROR root Route does not found
2016-04-26T11:22:01+03:00 ERROR root Route does not found
2016-04-26T11:26:27+03:00 ERROR root Route does not found
2016-04-26T11:26:28+03:00 ERROR root Route does not found
2016-04-26T11:26:28+03:00 ERROR root Route does not found
2016-04-26T11:26:28+03:00 ERROR root Route does not found
2016-04-26T11:26:39+03:00 ERROR root Route does not found
2016-04-26T11:26:39+03:00 ERROR root Route does not found
2016-04-26T11:26:39+03:00 ERROR root Route does not found
2016-04-26T11:26:52+03:00 ERROR root Route does not found
2016-04-26T11:26:52+03:00 ERROR root Route does not found
2016-04-26T11:26:52+03:00 ERROR root Route does not found
2016-04-26T11:26:52+03:00 ERROR root Route does not found
2016-04-26T12:39:26+03:00 ERROR root Route does not found
2016-04-26T12:39:27+03:00 ERROR root Route does not found
2016-04-26T12:39:27+03:00 ERROR root Route does not found
2016-04-26T12:39:27+03:00 ERROR root Route does not found
2016-04-26T12:39:28+03:00 ERROR root Route does not found
2016-04-26T12:48:03+03:00 ERROR root Route does not found
2016-04-26T12:48:04+03:00 ERROR root Route does not found
2016-04-26T12:48:04+03:00 ERROR root Route does not found
2016-04-26T12:48:04+03:00 ERROR root Route does not found
2016-04-26T12:48:05+03:00 ERROR root Route does not found
2016-04-26T12:48:05+03:00 ERROR root Route does not found
2016-04-26T12:48:05+03:00 ERROR root Route does not found
2016-04-26T12:48:16+03:00 ERROR root Route does not found
2016-04-26T12:48:17+03:00 ERROR root Route does not found
2016-04-26T12:48:17+03:00 ERROR root Route does not found
2016-04-26T12:52:30+03:00 ERROR root Route does not found
2016-04-26T12:52:31+03:00 ERROR root Route does not found
2016-04-26T12:53:21+03:00 ERROR root Route does not found
2016-04-26T12:53:22+03:00 ERROR root Route does not found
2016-04-26T12:53:23+03:00 ERROR root Route does not found
2016-04-26T12:53:23+03:00 ERROR root Route does not found
2016-04-26T12:53:30+03:00 ERROR root Route does not found
2016-04-26T12:53:31+03:00 ERROR root Route does not found
2016-04-26T12:53:31+03:00 ERROR root Route does not found
2016-04-26T12:53:39+03:00 ERROR root Route does not found
2016-04-26T12:53:39+03:00 ERROR root Route does not found
2016-04-26T12:53:40+03:00 ERROR root Route does not found
2016-04-26T12:53:40+03:00 ERROR root Route does not found
2016-04-26T12:54:41+03:00 ERROR root Route does not found
2016-04-26T12:54:42+03:00 ERROR root Route does not found
2016-04-26T12:54:42+03:00 ERROR root Route does not found
2016-04-26T12:54:42+03:00 ERROR root Route does not found
2016-04-26T12:54:42+03:00 ERROR root Route does not found
2016-04-26T12:54:43+03:00 ERROR root Route does not found
2016-04-26T12:54:49+03:00 ERROR root Route does not found
2016-04-26T12:55:23+03:00 ERROR root Route does not found
2016-04-26T12:55:38+03:00 ERROR root Route does not found
2016-04-26T12:55:39+03:00 ERROR root Route does not found
2016-04-26T12:55:39+03:00 ERROR root Route does not found
2016-04-26T12:55:39+03:00 ERROR root Route does not found
2016-04-26T12:56:40+03:00 ERROR root Route does not found
2016-04-26T12:56:41+03:00 ERROR root Route does not found
2016-04-26T13:00:38+03:00 ERROR root Route does not found
2016-04-26T13:00:39+03:00 ERROR root Route does not found
2016-04-26T13:00:55+03:00 ERROR root Route does not found
2016-04-26T13:02:36+03:00 ERROR root Route does not found
2016-04-26T13:06:19+03:00 ERROR root Route does not found
2016-04-26T13:06:20+03:00 ERROR root Route does not found
2016-04-26T13:07:52+03:00 ERROR root Route does not found
2016-04-26T13:07:52+03:00 ERROR root Route does not found
2016-04-26T13:08:05+03:00 ERROR root Route does not found
2016-04-26T13:08:33+03:00 ERROR root Route does not found
2016-04-26T13:08:57+03:00 ERROR root Route does not found
2016-04-26T13:09:15+03:00 ERROR root Route does not found
2016-04-26T13:09:21+03:00 ERROR root Route does not found
2016-04-26T13:09:38+03:00 ERROR root Route does not found
2016-04-26T13:09:45+03:00 ERROR root Route does not found
2016-04-26T13:09:45+03:00 ERROR root Route does not found
2016-04-26T13:09:47+03:00 ERROR root Route does not found
2016-04-26T13:10:12+03:00 ERROR root Route does not found
2016-04-26T13:11:29+03:00 ERROR root Route does not found
2016-04-26T13:11:56+03:00 ERROR root Route does not found
2016-04-26T13:16:04+03:00 ERROR root Route does not found
2016-04-26T13:17:19+03:00 ERROR root Route does not found
2016-04-26T13:19:00+03:00 ERROR root Route does not found
2016-04-26T13:20:08+03:00 ERROR root Route does not found
2016-04-26T13:20:09+03:00 ERROR root Route does not found
2016-04-26T13:21:49+03:00 ERROR root Route does not found
2016-04-26T13:22:46+03:00 ERROR root Route does not found
2016-04-26T13:22:47+03:00 ERROR root Route does not found
2016-04-26T13:23:00+03:00 ERROR root Route does not found
2016-04-26T13:23:11+03:00 ERROR root Route does not found
2016-04-26T13:24:11+03:00 ERROR root Route does not found
2016-04-26T13:24:12+03:00 ERROR root Route does not found
2016-04-26T13:24:12+03:00 ERROR root Route does not found
2016-04-26T13:24:19+03:00 ERROR root Route does not found
2016-04-26T13:24:20+03:00 ERROR root Route does not found
2016-04-26T13:24:41+03:00 ERROR root Route does not found
2016-04-26T13:24:41+03:00 ERROR root Route does not found
2016-04-26T13:26:18+03:00 ERROR root Route does not found
2016-04-26T13:26:19+03:00 ERROR root Route does not found
2016-04-26T13:26:19+03:00 ERROR root Route does not found
2016-04-26T13:26:48+03:00 ERROR root Route does not found
2016-04-26T13:27:27+03:00 ERROR root Route does not found
2016-04-26T13:27:35+03:00 ERROR root Route does not found
2016-04-26T13:27:44+03:00 ERROR root Route does not found
2016-04-26T13:27:44+03:00 ERROR root Route does not found
2016-04-26T13:27:45+03:00 ERROR root Route does not found
2016-04-26T13:27:45+03:00 ERROR root Route does not found
2016-04-26T13:27:50+03:00 ERROR root Route does not found
2016-04-26T13:27:58+03:00 ERROR root Route does not found
2016-04-26T13:28:08+03:00 ERROR root Route does not found
2016-04-26T13:28:09+03:00 ERROR root Route does not found
2016-04-26T13:28:19+03:00 ERROR root Route does not found
2016-04-26T13:28:39+03:00 ERROR root Route does not found
2016-04-26T13:28:39+03:00 ERROR root Route does not found
2016-04-26T13:28:51+03:00 ERROR root Route does not found
2016-04-26T13:28:52+03:00 ERROR root Route does not found
2016-04-26T13:28:52+03:00 ERROR root Route does not found
2016-04-26T13:29:44+03:00 ERROR root Route does not found
2016-04-26T13:29:45+03:00 ERROR root Route does not found
2016-04-26T13:29:45+03:00 ERROR root Route does not found
2016-04-26T13:29:46+03:00 ERROR root Route does not found
2016-04-26T13:30:41+03:00 ERROR root Route does not found
2016-04-26T13:40:31+03:00 ERROR root Route does not found
2016-04-26T13:40:32+03:00 ERROR root Route does not found
2016-04-26T13:40:32+03:00 ERROR root Route does not found
2016-04-26T13:41:26+03:00 ERROR root Route does not found
2016-04-26T13:41:26+03:00 ERROR root Route does not found
2016-04-26T13:42:31+03:00 ERROR root Route does not found
2016-04-26T13:43:41+03:00 ERROR root Route does not found
2016-04-26T13:43:42+03:00 ERROR root Route does not found
2016-04-26T13:44:12+03:00 ERROR root Route does not found
2016-04-26T13:44:21+03:00 ERROR root Route does not found
2016-04-26T13:45:46+03:00 ERROR root Route does not found
2016-04-26T13:46:24+03:00 ERROR root Route does not found
2016-04-26T13:46:37+03:00 ERROR root Route does not found
2016-04-26T13:48:40+03:00 ERROR root Route does not found
2016-04-26T13:50:29+03:00 ERROR root Route does not found
2016-04-26T13:50:32+03:00 ERROR root Route does not found
2016-04-26T13:50:54+03:00 ERROR root Route does not found
2016-04-26T13:54:42+03:00 ERROR root Route does not found
2016-04-26T13:55:45+03:00 ERROR root SQLSTATE[42000]: Syntax error or access violation: 1064 You have an error in your SQL syntax; check the manual that corresponds to your MySQL server version for the right syntax to use near 'FROM `productPrices` AS pprice
	      INNER JOIN `prices` AS price ON (price.id ' at line 2
2016-04-26T13:55:45+03:00 ERROR root Route does not found
2016-04-26T13:55:45+03:00 ERROR root SQLSTATE[42000]: Syntax error or access violation: 1064 You have an error in your SQL syntax; check the manual that corresponds to your MySQL server version for the right syntax to use near 'FROM `productPrices` AS pprice
	      INNER JOIN `prices` AS price ON (price.id ' at line 2
2016-04-26T13:55:46+03:00 ERROR root Route does not found
2016-04-26T13:55:52+03:00 ERROR root Route does not found
2016-04-26T13:55:52+03:00 ERROR root Route does not found
2016-04-26T15:39:58+03:00 ERROR root Route does not found
2016-04-26T15:40:00+03:00 ERROR root Route does not found
2016-04-26T15:42:43+03:00 ERROR root Route does not found
2016-04-26T15:42:44+03:00 ERROR root Route does not found
2016-04-26T15:42:57+03:00 ERROR root Route does not found
2016-04-26T15:42:58+03:00 ERROR root Route does not found
2016-04-26T15:43:27+03:00 ERROR root Route does not found
2016-04-26T15:44:11+03:00 ERROR root Route does not found
2016-04-26T15:44:35+03:00 ERROR root Route does not found
2016-04-26T15:44:35+03:00 ERROR root Route does not found
2016-04-26T15:44:40+03:00 ERROR root Route does not found
2016-04-26T15:45:34+03:00 ERROR root Route does not found
2016-04-26T15:48:56+03:00 ERROR root Route does not found
2016-04-26T15:49:02+03:00 ERROR root Route does not found
2016-04-26T15:49:39+03:00 ERROR root Route does not found
2016-04-26T15:49:41+03:00 ERROR root Route does not found
2016-04-26T15:49:41+03:00 ERROR root Route does not found
2016-04-26T15:49:42+03:00 ERROR root Route does not found
2016-04-26T15:49:52+03:00 ERROR root Route does not found
2016-04-26T15:50:04+03:00 ERROR root Route does not found
2016-04-26T15:50:13+03:00 ERROR root Route does not found
2016-04-26T15:51:03+03:00 ERROR root Route does not found
2016-04-26T15:51:05+03:00 ERROR root Route does not found
2016-04-26T15:51:38+03:00 ERROR root Route does not found
2016-04-26T15:52:06+03:00 ERROR root Route does not found
2016-04-26T15:52:21+03:00 ERROR root Route does not found
2016-04-26T15:52:31+03:00 ERROR root Route does not found
2016-04-26T15:52:33+03:00 ERROR root Route does not found
2016-04-26T15:52:48+03:00 ERROR root Route does not found
2016-04-26T15:53:08+03:00 ERROR root Route does not found
2016-04-26T15:54:15+03:00 ERROR root Route does not found
2016-04-26T15:54:16+03:00 ERROR root Route does not found
2016-04-26T15:54:22+03:00 ERROR root Route does not found
2016-04-26T15:54:22+03:00 ERROR root Route does not found
2016-04-26T15:54:39+03:00 ERROR root Route does not found
2016-04-26T15:54:40+03:00 ERROR root Route does not found
2016-04-26T15:54:41+03:00 ERROR root Route does not found
2016-04-26T15:54:53+03:00 ERROR root Route does not found
2016-04-26T15:54:54+03:00 ERROR root Route does not found
2016-04-26T15:55:08+03:00 ERROR root Route does not found
2016-04-26T15:55:22+03:00 ERROR root Route does not found
2016-04-26T15:55:22+03:00 ERROR root Route does not found
2016-04-26T15:55:23+03:00 ERROR root Route does not found
2016-04-26T15:56:10+03:00 ERROR root Route does not found
2016-04-26T15:56:26+03:00 ERROR root Route does not found
2016-04-26T16:04:10+03:00 ERROR root Route does not found
2016-04-26T16:04:11+03:00 ERROR root Route does not found
2016-04-26T16:04:22+03:00 ERROR root Route does not found
2016-04-26T16:11:35+03:00 ERROR root Route does not found
2016-04-26T16:11:44+03:00 ERROR root Route does not found
2016-04-26T16:11:45+03:00 ERROR root Route does not found
2016-04-26T16:11:49+03:00 ERROR root Route does not found
2016-04-26T16:12:04+03:00 ERROR root Route does not found
2016-04-26T16:12:04+03:00 ERROR root Route does not found
2016-04-26T16:12:31+03:00 ERROR root Route does not found
2016-04-26T16:12:31+03:00 ERROR root Route does not found
2016-04-26T16:12:42+03:00 ERROR root Route does not found
2016-04-26T16:12:43+03:00 ERROR root Route does not found
2016-04-26T16:13:53+03:00 ERROR root Route does not found
2016-04-26T16:13:55+03:00 ERROR root Route does not found
2016-04-26T16:13:56+03:00 ERROR root Route does not found
2016-04-26T16:13:57+03:00 ERROR root Route does not found
2016-04-26T16:13:57+03:00 ERROR root Route does not found
2016-04-26T16:13:58+03:00 ERROR root Route does not found
2016-04-26T16:13:59+03:00 ERROR root Route does not found
2016-04-26T16:14:04+03:00 ERROR root Route does not found
2016-04-26T16:14:04+03:00 ERROR root Route does not found
2016-04-26T16:14:05+03:00 ERROR root Route does not found
2016-04-26T16:14:05+03:00 ERROR root Route does not found
2016-04-26T16:14:05+03:00 ERROR root Route does not found
2016-04-26T16:14:06+03:00 ERROR root Route does not found
2016-04-26T16:14:06+03:00 ERROR root Route does not found
2016-04-26T16:14:06+03:00 ERROR root Route does not found
2016-04-26T16:14:06+03:00 ERROR root Route does not found
2016-04-26T16:14:06+03:00 ERROR root Route does not found
2016-04-26T16:14:07+03:00 ERROR root Route does not found
2016-04-26T16:14:58+03:00 ERROR root Route does not found
2016-04-26T16:14:59+03:00 ERROR root Route does not found
2016-04-26T16:15:05+03:00 ERROR root Route does not found
2016-04-26T16:26:38+03:00 ERROR root Route does not found
2016-04-26T16:27:30+03:00 ERROR root Route does not found
2016-04-26T16:27:56+03:00 ERROR root Route does not found
2016-04-26T16:27:57+03:00 ERROR root Route does not found
2016-04-26T16:27:58+03:00 ERROR root Route does not found
2016-04-26T16:28:04+03:00 ERROR root Route does not found
2016-04-26T16:28:05+03:00 ERROR root Route does not found
2016-04-26T16:28:28+03:00 ERROR root Route does not found
2016-04-26T16:28:31+03:00 ERROR root Route does not found
2016-04-26T16:28:32+03:00 ERROR root Route does not found
2016-04-26T16:28:33+03:00 ERROR root Route does not found
2016-04-26T16:28:51+03:00 ERROR root Route does not found
2016-04-26T16:29:36+03:00 ERROR root Route does not found
2016-04-26T16:29:37+03:00 ERROR root Route does not found
2016-04-26T16:29:56+03:00 ERROR root Route does not found
2016-04-26T16:29:57+03:00 ERROR root Route does not found
2016-04-26T16:30:01+03:00 ERROR root Route does not found
2016-04-26T16:30:02+03:00 ERROR root Route does not found
2016-04-26T16:30:06+03:00 ERROR root Route does not found
2016-04-26T16:30:09+03:00 ERROR root Route does not found
2016-04-26T16:30:10+03:00 ERROR root Route does not found
2016-04-26T16:30:14+03:00 ERROR root Route does not found
2016-04-26T16:30:15+03:00 ERROR root Route does not found
2016-04-26T16:30:17+03:00 ERROR root Route does not found
2016-04-26T16:39:20+03:00 ERROR root Route does not found
2016-04-26T16:39:22+03:00 ERROR root Route does not found
2016-04-26T16:39:23+03:00 ERROR root Route does not found
2016-04-26T16:39:35+03:00 ERROR root Route does not found
2016-04-26T16:39:55+03:00 ERROR root Route does not found
2016-04-26T16:42:37+03:00 ERROR root Route does not found
2016-04-26T16:42:38+03:00 ERROR root Route does not found
2016-04-26T16:46:39+03:00 ERROR root Route does not found
2016-04-26T16:46:40+03:00 ERROR root Route does not found
2016-04-26T16:46:58+03:00 ERROR root Route does not found
2016-04-26T16:47:07+03:00 ERROR root Route does not found
2016-04-26T16:48:19+03:00 ERROR root Route does not found
2016-04-26T17:06:08+03:00 ERROR root Route does not found
2016-04-26T17:06:54+03:00 ERROR root Route does not found
2016-04-26T17:19:52+03:00 ERROR root Route does not found
2016-04-26T17:51:58+03:00 ERROR root Route does not found
2016-04-26T17:52:54+03:00 ERROR root Route does not found
2016-04-26T17:53:19+03:00 ERROR root Route does not found
2016-04-26T17:53:21+03:00 ERROR root Route does not found
2016-04-26T17:53:29+03:00 ERROR root Route does not found
2016-04-26T17:53:37+03:00 ERROR root Route does not found
2016-04-26T17:55:15+03:00 ERROR root Route does not found
2016-04-26T17:55:40+03:00 ERROR root Route does not found
2016-04-26T18:11:55+03:00 ERROR root Route does not found
2016-04-26T18:28:29+03:00 ERROR root Route does not found
2016-04-26T18:28:47+03:00 ERROR root Route does not found
2016-04-26T18:29:19+03:00 ERROR root Route does not found
2016-04-26T18:29:55+03:00 ERROR root Route does not found
2016-04-26T18:29:57+03:00 ERROR root Route does not found
2016-04-26T18:30:37+03:00 ERROR root Route does not found
2016-04-26T18:31:36+03:00 ERROR root Route does not found
2016-04-26T18:32:34+03:00 ERROR root Route does not found
2016-04-26T18:34:32+03:00 ERROR root Route does not found
2016-04-26T18:34:50+03:00 ERROR root Route does not found
2016-04-26T18:34:51+03:00 ERROR root Route does not found
2016-04-26T18:36:30+03:00 ERROR root Route does not found
2016-04-26T18:36:32+03:00 ERROR root Route does not found
2016-04-26T18:36:48+03:00 ERROR root Route does not found
2016-04-26T18:38:03+03:00 ERROR root Route does not found
2016-04-26T18:38:09+03:00 ERROR root Route does not found
2016-04-26T18:56:29+03:00 ERROR root Route does not found
2016-04-26T18:56:43+03:00 ERROR root Route does not found
2016-04-26T19:01:15+03:00 ERROR root Route does not found
2016-04-26T19:01:32+03:00 ERROR root Route does not found
2016-04-26T19:42:28+03:00 ERROR root Route does not found
2016-04-26T19:42:36+03:00 ERROR root Route does not found
2016-04-26T20:00:32+03:00 ERROR root SQLSTATE[HY093]: Invalid parameter number: no parameters were bound
2016-04-26T20:00:32+03:00 ERROR root Route does not found
2016-04-26T20:01:20+03:00 ERROR root Route does not found
2016-04-26T20:03:08+03:00 ERROR root Route does not found
2016-04-26T20:05:55+03:00 ERROR root Route does not found
2016-04-26T20:06:06+03:00 ERROR root Route does not found
2016-04-27T15:08:40+03:00 ERROR root SQLSTATE[42S22]: Column not found: 1054 Unknown column 'storage.warehouseId' in 'where clause'
2016-04-27T15:08:41+03:00 ERROR root Route does not found
2016-04-27T15:08:42+03:00 ERROR root SQLSTATE[42S22]: Column not found: 1054 Unknown column 'storage.warehouseId' in 'where clause'
2016-04-27T15:08:42+03:00 ERROR root Route does not found
2016-04-27T15:08:43+03:00 ERROR root SQLSTATE[42S22]: Column not found: 1054 Unknown column 'storage.warehouseId' in 'where clause'
2016-04-27T15:08:43+03:00 ERROR root Route does not found
2016-04-27T15:08:44+03:00 ERROR root SQLSTATE[42S22]: Column not found: 1054 Unknown column 'storage.warehouseId' in 'where clause'
2016-04-27T15:08:45+03:00 ERROR root Route does not found
2016-04-27T15:13:06+03:00 ERROR root Route does not found
2016-04-27T15:15:20+03:00 ERROR root Route does not found
2016-04-27T15:15:22+03:00 ERROR root Route does not found
2016-04-27T15:15:32+03:00 ERROR root Route does not found
2016-04-27T15:20:07+03:00 ERROR root Route does not found
2016-04-27T15:20:24+03:00 ERROR root Route does not found
2016-04-27T15:21:36+03:00 ERROR root Route does not found
2016-04-27T15:21:45+03:00 ERROR root Route does not found
2016-04-27T15:21:50+03:00 ERROR root Route does not found
2016-04-27T15:22:47+03:00 ERROR root Route does not found
2016-04-27T15:23:37+03:00 ERROR root Route does not found
2016-04-27T15:25:16+03:00 ERROR root Route does not found
2016-04-27T15:32:36+03:00 ERROR root Route does not found
2016-04-27T16:42:26+03:00 ERROR root SQLSTATE[HY093]: Invalid parameter number: no parameters were bound
2016-04-27T16:42:26+03:00 ERROR root Route does not found
2016-04-27T16:42:28+03:00 ERROR root SQLSTATE[HY093]: Invalid parameter number: no parameters were bound
2016-04-27T16:42:28+03:00 ERROR root Route does not found
2016-04-27T16:42:44+03:00 ERROR root Route does not found
2016-04-27T17:42:00+03:00 ERROR root Route does not found
2016-04-27T18:20:25+03:00 ERROR root Route does not found
2016-04-28T12:50:07+03:00 ERROR root Route does not found
2016-04-28T15:13:33+03:00 ERROR root Route does not found
2016-04-28T15:14:43+03:00 ERROR root Route does not found
2016-04-28T15:18:59+03:00 ERROR root Route does not found
2016-04-28T17:24:28+03:00 ERROR root Route does not found
2016-04-28T17:24:30+03:00 ERROR root Route does not found
2016-04-28T17:33:22+03:00 ERROR root Route does not found
2016-04-28T17:33:30+03:00 ERROR root Route does not found
2016-04-28T17:33:46+03:00 ERROR root Route does not found
2016-04-28T17:33:47+03:00 ERROR root Route does not found
2016-04-28T17:33:48+03:00 ERROR root Route does not found
2016-04-28T17:36:17+03:00 ERROR root Route does not found
2016-04-28T17:36:18+03:00 ERROR root Route does not found
2016-04-28T17:36:26+03:00 ERROR root Route does not found
2016-04-28T17:36:26+03:00 ERROR root Route does not found
2016-04-28T17:37:49+03:00 ERROR root Route does not found
2016-04-28T17:37:50+03:00 ERROR root Route does not found
2016-04-28T17:38:00+03:00 ERROR root Route does not found
2016-04-28T17:38:01+03:00 ERROR root Route does not found
2016-04-28T17:39:18+03:00 ERROR root Route does not found
2016-04-28T17:39:19+03:00 ERROR root Route does not found
2016-04-28T17:39:20+03:00 ERROR root Route does not found
2016-04-28T17:39:20+03:00 ERROR root Route does not found
2016-04-28T17:39:33+03:00 ERROR root Route does not found
2016-04-28T17:39:33+03:00 ERROR root Route does not found
2016-04-28T17:40:54+03:00 ERROR root Route does not found
2016-04-28T17:42:43+03:00 ERROR root Route does not found
2016-04-28T17:42:44+03:00 ERROR root Route does not found
2016-04-28T17:42:50+03:00 ERROR root Route does not found
2016-04-28T17:42:50+03:00 ERROR root Route does not found
2016-04-28T17:42:59+03:00 ERROR root Route does not found
2016-04-28T17:42:59+03:00 ERROR root Route does not found
2016-04-28T17:43:06+03:00 ERROR root Route does not found
2016-04-28T17:43:06+03:00 ERROR root Route does not found
2016-04-28T17:43:07+03:00 ERROR root Route does not found
2016-04-28T17:43:07+03:00 ERROR root Route does not found
2016-04-28T18:46:57+03:00 ERROR root Route does not found
2016-04-28T18:47:06+03:00 ERROR root Route does not found
2016-04-28T18:56:31+03:00 ERROR root Route does not found
2016-04-28T19:04:20+03:00 ERROR root Route does not found
2016-05-04T10:42:23+03:00 ERROR root SQLSTATE[42S22]: Column not found: 1054 Unknown column 'storage.warehouseId' in 'where clause'
2016-05-04T10:42:23+03:00 ERROR root Route does not found
2016-07-17T12:22:43+03:00 ERROR root SQLSTATE[42S22]: Column not found: 1054 Unknown column 'storage.warehouseId' in 'where clause'
2016-07-17T12:22:43+03:00 ERROR root Route does not found
2016-07-17T13:03:20+03:00 ERROR root Route does not found
2016-07-17T13:04:16+03:00 ERROR root Route does not found
2016-07-17T13:04:18+03:00 ERROR root Route does not found
2016-07-17T13:04:19+03:00 ERROR root Route does not found
2016-07-17T13:04:19+03:00 ERROR root Route does not found
2016-07-17T13:04:19+03:00 ERROR root Route does not found
2016-07-17T13:04:19+03:00 ERROR root Route does not found
2016-07-17T13:04:19+03:00 ERROR root Route does not found
2016-07-17T13:04:20+03:00 ERROR root Route does not found
2016-07-17T13:04:20+03:00 ERROR root Route does not found
2016-07-17T13:04:20+03:00 ERROR root Route does not found
2016-07-17T13:04:20+03:00 ERROR root Route does not found
2016-07-17T13:06:19+03:00 ERROR root SQLSTATE[42S22]: Column not found: 1054 Unknown column 'storage.warehouseId' in 'where clause'
2016-07-17T13:06:19+03:00 ERROR root Route does not found
2016-07-17T13:06:20+03:00 ERROR root SQLSTATE[42S22]: Column not found: 1054 Unknown column 'storage.warehouseId' in 'where clause'
2016-07-17T13:06:20+03:00 ERROR root Route does not found
2016-07-17T13:06:21+03:00 ERROR root SQLSTATE[42S22]: Column not found: 1054 Unknown column 'storage.warehouseId' in 'where clause'
2016-07-17T13:06:21+03:00 ERROR root Route does not found
2016-07-17T13:06:21+03:00 ERROR root SQLSTATE[42S22]: Column not found: 1054 Unknown column 'storage.warehouseId' in 'where clause'
2016-07-17T13:06:21+03:00 ERROR root Route does not found
2016-07-17T13:06:21+03:00 ERROR root SQLSTATE[42S22]: Column not found: 1054 Unknown column 'storage.warehouseId' in 'where clause'
2016-07-17T13:06:21+03:00 ERROR root Route does not found
2016-07-17T13:06:21+03:00 ERROR root SQLSTATE[42S22]: Column not found: 1054 Unknown column 'storage.warehouseId' in 'where clause'
2016-07-17T13:06:21+03:00 ERROR root Route does not found
2016-07-17T13:06:21+03:00 ERROR root SQLSTATE[42S22]: Column not found: 1054 Unknown column 'storage.warehouseId' in 'where clause'
2016-07-17T13:06:21+03:00 ERROR root Route does not found
2016-07-17T13:06:22+03:00 ERROR root SQLSTATE[42S22]: Column not found: 1054 Unknown column 'storage.warehouseId' in 'where clause'
2016-07-17T13:06:22+03:00 ERROR root Route does not found
2016-07-17T13:06:22+03:00 ERROR root SQLSTATE[42S22]: Column not found: 1054 Unknown column 'storage.warehouseId' in 'where clause'
2016-07-17T13:06:22+03:00 ERROR root Route does not found
2016-07-17T13:06:22+03:00 ERROR root SQLSTATE[42S22]: Column not found: 1054 Unknown column 'storage.warehouseId' in 'where clause'
2016-07-17T13:06:22+03:00 ERROR root Route does not found
2016-07-17T13:06:22+03:00 ERROR root SQLSTATE[42S22]: Column not found: 1054 Unknown column 'storage.warehouseId' in 'where clause'
2016-07-17T13:06:22+03:00 ERROR root Route does not found
2016-07-17T13:06:22+03:00 ERROR root SQLSTATE[42S22]: Column not found: 1054 Unknown column 'storage.warehouseId' in 'where clause'
2016-07-17T13:06:22+03:00 ERROR root Route does not found
2016-07-17T13:06:22+03:00 ERROR root SQLSTATE[42S22]: Column not found: 1054 Unknown column 'storage.warehouseId' in 'where clause'
2016-07-17T13:06:22+03:00 ERROR root Route does not found
2016-07-17T13:06:23+03:00 ERROR root SQLSTATE[42S22]: Column not found: 1054 Unknown column 'storage.warehouseId' in 'where clause'
2016-07-17T13:06:23+03:00 ERROR root SQLSTATE[42S22]: Column not found: 1054 Unknown column 'storage.warehouseId' in 'where clause'
2016-07-17T13:06:23+03:00 ERROR root Route does not found
2016-07-17T13:12:26+03:00 ERROR root SQLSTATE[42S22]: Column not found: 1054 Unknown column 'storage.warehouseId' in 'where clause'
2016-07-17T13:12:26+03:00 ERROR root Route does not found
2016-07-17T13:17:11+03:00 ERROR root SQLSTATE[28000] [1045] Access denied for user 'dev'@'localhost' (using password: NO)
2016-07-17T13:17:11+03:00 ERROR root Route does not found
2016-07-17T13:17:12+03:00 ERROR root SQLSTATE[28000] [1045] Access denied for user 'dev'@'localhost' (using password: NO)
2016-07-17T13:17:12+03:00 ERROR root Route does not found
2016-07-17T13:17:12+03:00 ERROR root SQLSTATE[28000] [1045] Access denied for user 'dev'@'localhost' (using password: NO)
2016-07-17T13:17:12+03:00 ERROR root Route does not found
2016-07-17T13:17:12+03:00 ERROR root SQLSTATE[28000] [1045] Access denied for user 'dev'@'localhost' (using password: NO)
2016-07-17T13:17:12+03:00 ERROR root Route does not found
2016-07-17T13:17:12+03:00 ERROR root SQLSTATE[28000] [1045] Access denied for user 'dev'@'localhost' (using password: NO)
2016-07-17T13:17:13+03:00 ERROR root Route does not found
2016-07-17T13:17:13+03:00 ERROR root SQLSTATE[28000] [1045] Access denied for user 'dev'@'localhost' (using password: NO)
2016-07-17T13:17:13+03:00 ERROR root Route does not found
2016-07-17T13:17:13+03:00 ERROR root SQLSTATE[28000] [1045] Access denied for user 'dev'@'localhost' (using password: NO)
2016-07-17T13:17:13+03:00 ERROR root Route does not found
2016-07-17T13:17:13+03:00 ERROR root SQLSTATE[28000] [1045] Access denied for user 'dev'@'localhost' (using password: NO)
2016-07-17T13:17:13+03:00 ERROR root Route does not found
2016-07-17T13:17:13+03:00 ERROR root SQLSTATE[28000] [1045] Access denied for user 'dev'@'localhost' (using password: NO)
2016-07-17T13:17:13+03:00 ERROR root Route does not found
2016-07-17T13:17:13+03:00 ERROR root SQLSTATE[28000] [1045] Access denied for user 'dev'@'localhost' (using password: NO)
2016-07-17T13:17:13+03:00 ERROR root Route does not found
2016-07-17T13:17:13+03:00 ERROR root SQLSTATE[28000] [1045] Access denied for user 'dev'@'localhost' (using password: NO)
2016-07-17T13:17:13+03:00 ERROR root Route does not found
2016-07-17T13:17:14+03:00 ERROR root SQLSTATE[28000] [1045] Access denied for user 'dev'@'localhost' (using password: NO)
2016-07-17T13:17:14+03:00 ERROR root Route does not found
2016-07-17T13:17:57+03:00 ERROR root SQLSTATE[42S22]: Column not found: 1054 Unknown column 'storage.warehouseId' in 'where clause'
2016-07-17T13:17:58+03:00 ERROR root Route does not found
2016-07-17T13:17:59+03:00 ERROR root SQLSTATE[42S22]: Column not found: 1054 Unknown column 'storage.warehouseId' in 'where clause'
2016-07-17T13:18:00+03:00 ERROR root Route does not found
2016-07-17T13:18:00+03:00 ERROR root SQLSTATE[42S22]: Column not found: 1054 Unknown column 'storage.warehouseId' in 'where clause'
2016-07-17T13:18:00+03:00 ERROR root Route does not found
2016-07-17T13:18:00+03:00 ERROR root SQLSTATE[42S22]: Column not found: 1054 Unknown column 'storage.warehouseId' in 'where clause'
2016-07-17T13:18:00+03:00 ERROR root Route does not found
2016-07-17T13:32:12+03:00 ERROR root Route does not found
2016-07-17T13:32:13+03:00 ERROR root Route does not found
2016-07-17T13:32:13+03:00 ERROR root Route does not found
2016-07-17T13:32:13+03:00 ERROR root Route does not found
2016-07-17T13:32:13+03:00 ERROR root Route does not found
2016-07-17T13:32:13+03:00 ERROR root Route does not found
2016-07-17T13:32:14+03:00 ERROR root Route does not found
2016-07-17T13:32:14+03:00 ERROR root Route does not found
2016-07-17T13:32:14+03:00 ERROR root Route does not found
2016-07-17T13:32:14+03:00 ERROR root Route does not found
2016-07-17T13:35:02+03:00 ERROR root Route does not found
2016-07-17T13:35:03+03:00 ERROR root Route does not found
2016-07-17T13:35:04+03:00 ERROR root Route does not found
2016-07-17T13:35:04+03:00 ERROR root Route does not found
2016-07-17T13:35:04+03:00 ERROR root Route does not found
2016-07-17T13:35:04+03:00 ERROR root Route does not found
2016-07-17T13:37:13+03:00 ERROR root Route does not found
2016-07-17T13:37:58+03:00 ERROR root Template /var/www/hydra/public//../Application/Modules/Prom/Views/prom.xml.tpl does not found
2016-07-17T13:38:12+03:00 ERROR root Route does not found
2016-07-17T13:48:20+03:00 ERROR root Route does not found
2016-07-17T13:50:58+03:00 ERROR root Template /var/www/hydra/public//../Application/Modules/Prom/Views/prom.xml.tpl does not found
